# JRE version: OpenJDK Runtime Environment (8.0_242-b01) (build 1.8.0_242-release-1644-b01)
# Java VM: OpenJDK 64-Bit Server VM (25.242-b01 mixed mode windows-amd64 compressed oops)
Heap:
 PSYoungGen      total 489984K, used 259214K [0x00000000d5580000, 0x00000000fd600000, 0x0000000100000000)
  eden space 436224K, 59% used [0x00000000d5580000,0x00000000e52a3828,0x00000000eff80000)
  from space 53760K, 0% used [0x00000000f5380000,0x00000000f5380000,0x00000000f8800000)
  to   space 86016K, 0% used [0x00000000eff80000,0x00000000eff80000,0x00000000f5380000)
 ParOldGen       total 293888K, used 169313K [0x0000000080000000, 0x0000000091f00000, 0x00000000d5580000)
  object space 293888K, 57% used [0x0000000080000000,0x000000008a558438,0x0000000091f00000)
 Metaspace       used 94041K, capacity 98080K, committed 98344K, reserved 1134592K
  class space    used 12450K, capacity 13257K, committed 13360K, reserved 1048576K
GC Heap History (10 events):
Event: 22.643 GC heap before
{Heap before GC invocations=17 (full 3):
 PSYoungGen      total 299520K, used 291245K [0x00000000d5580000, 0x00000000ef380000, 0x0000000100000000)
  eden space 276480K, 100% used [0x00000000d5580000,0x00000000e6380000,0x00000000e6380000)
  from space 23040K, 64% used [0x00000000e6380000,0x00000000e71eb408,0x00000000e7a00000)
  to   space 23552K, 0% used [0x00000000edc80000,0x00000000edc80000,0x00000000ef380000)
 ParOldGen       total 91648K, used 51565K [0x0000000080000000, 0x0000000085980000, 0x00000000d5580000)
  object space 91648K, 56% used [0x0000000080000000,0x000000008325b448,0x0000000085980000)
 Metaspace       used 81243K, capacity 84310K, committed 84520K, reserved 1122304K
  class space    used 10831K, capacity 11494K, committed 11568K, reserved 1048576K
Event: 22.777 GC heap after
Heap after GC invocations=17 (full 3):
 PSYoungGen      total 375296K, used 23527K [0x00000000d5580000, 0x00000000f2980000, 0x0000000100000000)
  eden space 351744K, 0% used [0x00000000d5580000,0x00000000d5580000,0x00000000ead00000)
  from space 23552K, 99% used [0x00000000edc80000,0x00000000ef379d80,0x00000000ef380000)
  to   space 48640K, 0% used [0x00000000ead00000,0x00000000ead00000,0x00000000edc80000)
 ParOldGen       total 110080K, used 110017K [0x0000000080000000, 0x0000000086b80000, 0x00000000d5580000)
  object space 110080K, 99% used [0x0000000080000000,0x0000000086b70400,0x0000000086b80000)
 Metaspace       used 81243K, capacity 84310K, committed 84520K, reserved 1122304K
  class space    used 10831K, capacity 11494K, committed 11568K, reserved 1048576K
}
Event: 22.777 GC heap before
{Heap before GC invocations=18 (full 4):
 PSYoungGen      total 375296K, used 23527K [0x00000000d5580000, 0x00000000f2980000, 0x0000000100000000)
  eden space 351744K, 0% used [0x00000000d5580000,0x00000000d5580000,0x00000000ead00000)
  from space 23552K, 99% used [0x00000000edc80000,0x00000000ef379d80,0x00000000ef380000)
  to   space 48640K, 0% used [0x00000000ead00000,0x00000000ead00000,0x00000000edc80000)
 ParOldGen       total 110080K, used 110017K [0x0000000080000000, 0x0000000086b80000, 0x00000000d5580000)
  object space 110080K, 99% used [0x0000000080000000,0x0000000086b70400,0x0000000086b80000)
 Metaspace       used 81243K, capacity 84310K, committed 84520K, reserved 1122304K
  class space    used 10831K, capacity 11494K, committed 11568K, reserved 1048576K
Event: 23.365 GC heap after
Heap after GC invocations=18 (full 4):
 PSYoungGen      total 375296K, used 13245K [0x00000000d5580000, 0x00000000f2980000, 0x0000000100000000)
  eden space 351744K, 0% used [0x00000000d5580000,0x00000000d5580000,0x00000000ead00000)
  from space 23552K, 56% used [0x00000000edc80000,0x00000000ee96f768,0x00000000ef380000)
  to   space 48640K, 0% used [0x00000000ead00000,0x00000000ead00000,0x00000000edc80000)
 ParOldGen       total 200192K, used 109672K [0x0000000080000000, 0x000000008c380000, 0x00000000d5580000)
  object space 200192K, 54% used [0x0000000080000000,0x0000000086b1a060,0x000000008c380000)
 Metaspace       used 81165K, capacity 84080K, committed 84520K, reserved 1122304K
  class space    used 10807K, capacity 11451K, committed 11568K, reserved 1048576K
}
Event: 25.731 GC heap before
{Heap before GC invocations=19 (full 4):
 PSYoungGen      total 375296K, used 364989K [0x00000000d5580000, 0x00000000f2980000, 0x0000000100000000)
  eden space 351744K, 100% used [0x00000000d5580000,0x00000000ead00000,0x00000000ead00000)
  from space 23552K, 56% used [0x00000000edc80000,0x00000000ee96f768,0x00000000ef380000)
  to   space 48640K, 0% used [0x00000000ead00000,0x00000000ead00000,0x00000000edc80000)
 ParOldGen       total 200192K, used 109672K [0x0000000080000000, 0x000000008c380000, 0x00000000d5580000)
  object space 200192K, 54% used [0x0000000080000000,0x0000000086b1a060,0x000000008c380000)
 Metaspace       used 85491K, capacity 88658K, committed 88872K, reserved 1126400K
  class space    used 11356K, capacity 12036K, committed 12080K, reserved 1048576K
Event: 25.801 GC heap after
Heap after GC invocations=19 (full 4):
 PSYoungGen      total 400384K, used 39172K [0x00000000d5580000, 0x00000000f8800000, 0x0000000100000000)
  eden space 351744K, 0% used [0x00000000d5580000,0x00000000d5580000,0x00000000ead00000)
  from space 48640K, 80% used [0x00000000ead00000,0x00000000ed341298,0x00000000edc80000)
  to   space 53760K, 0% used [0x00000000f5380000,0x00000000f5380000,0x00000000f8800000)
 ParOldGen       total 200192K, used 122620K [0x0000000080000000, 0x000000008c380000, 0x00000000d5580000)
  object space 200192K, 61% used [0x0000000080000000,0x00000000877bf1e0,0x000000008c380000)
 Metaspace       used 85491K, capacity 88658K, committed 88872K, reserved 1126400K
  class space    used 11356K, capacity 12036K, committed 12080K, reserved 1048576K
}
Event: 30.244 GC heap before
{Heap before GC invocations=20 (full 4):
 PSYoungGen      total 400384K, used 390916K [0x00000000d5580000, 0x00000000f8800000, 0x0000000100000000)
  eden space 351744K, 100% used [0x00000000d5580000,0x00000000ead00000,0x00000000ead00000)
  from space 48640K, 80% used [0x00000000ead00000,0x00000000ed341298,0x00000000edc80000)
  to   space 53760K, 0% used [0x00000000f5380000,0x00000000f5380000,0x00000000f8800000)
 ParOldGen       total 200192K, used 122620K [0x0000000080000000, 0x000000008c380000, 0x00000000d5580000)
  object space 200192K, 61% used [0x0000000080000000,0x00000000877bf1e0,0x000000008c380000)
 Metaspace       used 92817K, capacity 96506K, committed 96552K, reserved 1132544K
  class space    used 12311K, capacity 13058K, committed 13104K, reserved 1048576K
Event: 30.719 GC heap after
Heap after GC invocations=20 (full 4):
 PSYoungGen      total 489984K, used 53753K [0x00000000d5580000, 0x00000000fd600000, 0x0000000100000000)
  eden space 436224K, 0% used [0x00000000d5580000,0x00000000d5580000,0x00000000eff80000)
  from space 53760K, 99% used [0x00000000f5380000,0x00000000f87fe490,0x00000000f8800000)
  to   space 86016K, 0% used [0x00000000eff80000,0x00000000eff80000,0x00000000f5380000)
 ParOldGen       total 200192K, used 185552K [0x0000000080000000, 0x000000008c380000, 0x00000000d5580000)
  object space 200192K, 92% used [0x0000000080000000,0x000000008b534250,0x000000008c380000)
 Metaspace       used 92817K, capacity 96506K, committed 96552K, reserved 1132544K
  class space    used 12311K, capacity 13058K, committed 13104K, reserved 1048576K
}
Event: 30.719 GC heap before
{Heap before GC invocations=21 (full 5):
 PSYoungGen      total 489984K, used 53753K [0x00000000d5580000, 0x00000000fd600000, 0x0000000100000000)
  eden space 436224K, 0% used [0x00000000d5580000,0x00000000d5580000,0x00000000eff80000)
  from space 53760K, 99% used [0x00000000f5380000,0x00000000f87fe490,0x00000000f8800000)
  to   space 86016K, 0% used [0x00000000eff80000,0x00000000eff80000,0x00000000f5380000)
 ParOldGen       total 200192K, used 185552K [0x0000000080000000, 0x000000008c380000, 0x00000000d5580000)
  object space 200192K, 92% used [0x0000000080000000,0x000000008b534250,0x000000008c380000)
 Metaspace       used 92817K, capacity 96506K, committed 96552K, reserved 1132544K
  class space    used 12311K, capacity 13058K, committed 13104K, reserved 1048576K
Event: 34.995 GC heap after
Heap after GC invocations=21 (full 5):
 PSYoungGen      total 489984K, used 0K [0x00000000d5580000, 0x00000000fd600000, 0x0000000100000000)
  eden space 436224K, 0% used [0x00000000d5580000,0x00000000d5580000,0x00000000eff80000)
  from space 53760K, 0% used [0x00000000f5380000,0x00000000f5380000,0x00000000f8800000)
  to   space 86016K, 0% used [0x00000000eff80000,0x00000000eff80000,0x00000000f5380000)
 ParOldGen       total 293888K, used 169313K [0x0000000080000000, 0x0000000091f00000, 0x00000000d5580000)
  object space 293888K, 57% used [0x0000000080000000,0x000000008a558438,0x0000000091f00000)
 Metaspace       used 92800K, capacity 96464K, committed 96552K, reserved 1132544K
  class space    used 12304K, capacity 13047K, committed 13104K, reserved 1048576K
}

