# JRE version: OpenJDK Runtime Environment (8.0_242-b01) (build 1.8.0_242-release-1644-b01)
# Java VM: OpenJDK 64-Bit Server VM (25.242-b01 mixed mode windows-amd64 compressed oops)
Heap:
 PSYoungGen      total 454656K, used 291444K [0x00000000d5580000, 0x00000000fa600000, 0x0000000100000000)
  eden space 361984K, 80% used [0x00000000d5580000,0x00000000e721d370,0x00000000eb700000)
  from space 92672K, 0% used [0x00000000f4b80000,0x00000000f4b80000,0x00000000fa600000)
  to   space 81920K, 0% used [0x00000000eb700000,0x00000000eb700000,0x00000000f0700000)
 ParOldGen       total 294400K, used 169085K [0x0000000080000000, 0x0000000091f80000, 0x00000000d5580000)
  object space 294400K, 57% used [0x0000000080000000,0x000000008a51f7d8,0x0000000091f80000)
 Metaspace       used 101677K, capacity 105876K, committed 106024K, reserved 1140736K
  class space    used 13008K, capacity 13839K, committed 13872K, reserved 1048576K
GC Heap History (10 events):
Event: 30.063 GC heap before
{Heap before GC invocations=20 (full 4):
 PSYoungGen      total 367104K, used 358902K [0x00000000d5580000, 0x00000000f3380000, 0x0000000100000000)
  eden space 325632K, 100% used [0x00000000d5580000,0x00000000e9380000,0x00000000e9380000)
  from space 41472K, 80% used [0x00000000e9380000,0x00000000eb3fd8c0,0x00000000ebc00000)
  to   space 45568K, 0% used [0x00000000f0700000,0x00000000f0700000,0x00000000f3380000)
 ParOldGen       total 182272K, used 92827K [0x0000000080000000, 0x000000008b200000, 0x00000000d5580000)
  object space 182272K, 50% used [0x0000000080000000,0x0000000085aa6f98,0x000000008b200000)
 Metaspace       used 87262K, capacity 90306K, committed 90536K, reserved 1128448K
  class space    used 11267K, capacity 11872K, committed 11952K, reserved 1048576K
Event: 30.449 GC heap after
Heap after GC invocations=20 (full 4):
 PSYoungGen      total 407552K, used 45554K [0x00000000d5580000, 0x00000000f9780000, 0x0000000100000000)
  eden space 361984K, 0% used [0x00000000d5580000,0x00000000d5580000,0x00000000eb700000)
  from space 45568K, 99% used [0x00000000f0700000,0x00000000f337cab0,0x00000000f3380000)
  to   space 81920K, 0% used [0x00000000eb700000,0x00000000eb700000,0x00000000f0700000)
 ParOldGen       total 182272K, used 169825K [0x0000000080000000, 0x000000008b200000, 0x00000000d5580000)
  object space 182272K, 93% used [0x0000000080000000,0x000000008a5d87a8,0x000000008b200000)
 Metaspace       used 87262K, capacity 90306K, committed 90536K, reserved 1128448K
  class space    used 11267K, capacity 11872K, committed 11952K, reserved 1048576K
}
Event: 30.450 GC heap before
{Heap before GC invocations=21 (full 5):
 PSYoungGen      total 407552K, used 45554K [0x00000000d5580000, 0x00000000f9780000, 0x0000000100000000)
  eden space 361984K, 0% used [0x00000000d5580000,0x00000000d5580000,0x00000000eb700000)
  from space 45568K, 99% used [0x00000000f0700000,0x00000000f337cab0,0x00000000f3380000)
  to   space 81920K, 0% used [0x00000000eb700000,0x00000000eb700000,0x00000000f0700000)
 ParOldGen       total 182272K, used 169825K [0x0000000080000000, 0x000000008b200000, 0x00000000d5580000)
  object space 182272K, 93% used [0x0000000080000000,0x000000008a5d87a8,0x000000008b200000)
 Metaspace       used 87262K, capacity 90306K, committed 90536K, reserved 1128448K
  class space    used 11267K, capacity 11872K, committed 11952K, reserved 1048576K
Event: 31.969 GC heap after
Heap after GC invocations=21 (full 5):
 PSYoungGen      total 407552K, used 0K [0x00000000d5580000, 0x00000000f9780000, 0x0000000100000000)
  eden space 361984K, 0% used [0x00000000d5580000,0x00000000d5580000,0x00000000eb700000)
  from space 45568K, 0% used [0x00000000f0700000,0x00000000f0700000,0x00000000f3380000)
  to   space 81920K, 0% used [0x00000000eb700000,0x00000000eb700000,0x00000000f0700000)
 ParOldGen       total 294400K, used 165453K [0x0000000080000000, 0x0000000091f80000, 0x00000000d5580000)
  object space 294400K, 56% used [0x0000000080000000,0x000000008a193420,0x0000000091f80000)
 Metaspace       used 87262K, capacity 90306K, committed 90536K, reserved 1128448K
  class space    used 11267K, capacity 11872K, committed 11952K, reserved 1048576K
}
Event: 38.137 GC heap before
{Heap before GC invocations=22 (full 5):
 PSYoungGen      total 407552K, used 361984K [0x00000000d5580000, 0x00000000f9780000, 0x0000000100000000)
  eden space 361984K, 100% used [0x00000000d5580000,0x00000000eb700000,0x00000000eb700000)
  from space 45568K, 0% used [0x00000000f0700000,0x00000000f0700000,0x00000000f3380000)
  to   space 81920K, 0% used [0x00000000eb700000,0x00000000eb700000,0x00000000f0700000)
 ParOldGen       total 294400K, used 165453K [0x0000000080000000, 0x0000000091f80000, 0x00000000d5580000)
  object space 294400K, 56% used [0x0000000080000000,0x000000008a193420,0x0000000091f80000)
 Metaspace       used 91084K, capacity 94350K, committed 94504K, reserved 1132544K
  class space    used 11620K, capacity 12282K, committed 12336K, reserved 1048576K
Event: 38.264 GC heap after
Heap after GC invocations=22 (full 5):
 PSYoungGen      total 443904K, used 71538K [0x00000000d5580000, 0x00000000fa600000, 0x0000000100000000)
  eden space 361984K, 0% used [0x00000000d5580000,0x00000000d5580000,0x00000000eb700000)
  from space 81920K, 87% used [0x00000000eb700000,0x00000000efcdc968,0x00000000f0700000)
  to   space 92672K, 0% used [0x00000000f4b80000,0x00000000f4b80000,0x00000000fa600000)
 ParOldGen       total 294400K, used 165461K [0x0000000080000000, 0x0000000091f80000, 0x00000000d5580000)
  object space 294400K, 56% used [0x0000000080000000,0x000000008a195420,0x0000000091f80000)
 Metaspace       used 91084K, capacity 94350K, committed 94504K, reserved 1132544K
  class space    used 11620K, capacity 12282K, committed 12336K, reserved 1048576K
}
Event: 41.080 GC heap before
{Heap before GC invocations=23 (full 5):
 PSYoungGen      total 443904K, used 433522K [0x00000000d5580000, 0x00000000fa600000, 0x0000000100000000)
  eden space 361984K, 100% used [0x00000000d5580000,0x00000000eb700000,0x00000000eb700000)
  from space 81920K, 87% used [0x00000000eb700000,0x00000000efcdc968,0x00000000f0700000)
  to   space 92672K, 0% used [0x00000000f4b80000,0x00000000f4b80000,0x00000000fa600000)
 ParOldGen       total 294400K, used 165461K [0x0000000080000000, 0x0000000091f80000, 0x00000000d5580000)
  object space 294400K, 56% used [0x0000000080000000,0x000000008a195420,0x0000000091f80000)
 Metaspace       used 100095K, capacity 104126K, committed 104360K, reserved 1140736K
  class space    used 12900K, capacity 13724K, committed 13744K, reserved 1048576K
Event: 41.361 GC heap after
Heap after GC invocations=23 (full 5):
 PSYoungGen      total 454656K, used 92660K [0x00000000d5580000, 0x00000000fa600000, 0x0000000100000000)
  eden space 361984K, 0% used [0x00000000d5580000,0x00000000d5580000,0x00000000eb700000)
  from space 92672K, 99% used [0x00000000f4b80000,0x00000000fa5fd080,0x00000000fa600000)
  to   space 81920K, 0% used [0x00000000eb700000,0x00000000eb700000,0x00000000f0700000)
 ParOldGen       total 294400K, used 240377K [0x0000000080000000, 0x0000000091f80000, 0x00000000d5580000)
  object space 294400K, 81% used [0x0000000080000000,0x000000008eabe7e0,0x0000000091f80000)
 Metaspace       used 100095K, capacity 104126K, committed 104360K, reserved 1140736K
  class space    used 12900K, capacity 13724K, committed 13744K, reserved 1048576K
}
Event: 41.361 GC heap before
{Heap before GC invocations=24 (full 6):
 PSYoungGen      total 454656K, used 92660K [0x00000000d5580000, 0x00000000fa600000, 0x0000000100000000)
  eden space 361984K, 0% used [0x00000000d5580000,0x00000000d5580000,0x00000000eb700000)
  from space 92672K, 99% used [0x00000000f4b80000,0x00000000fa5fd080,0x00000000fa600000)
  to   space 81920K, 0% used [0x00000000eb700000,0x00000000eb700000,0x00000000f0700000)
 ParOldGen       total 294400K, used 240377K [0x0000000080000000, 0x0000000091f80000, 0x00000000d5580000)
  object space 294400K, 81% used [0x0000000080000000,0x000000008eabe7e0,0x0000000091f80000)
 Metaspace       used 100095K, capacity 104126K, committed 104360K, reserved 1140736K
  class space    used 12900K, capacity 13724K, committed 13744K, reserved 1048576K
Event: 43.549 GC heap after
Heap after GC invocations=24 (full 6):
 PSYoungGen      total 454656K, used 0K [0x00000000d5580000, 0x00000000fa600000, 0x0000000100000000)
  eden space 361984K, 0% used [0x00000000d5580000,0x00000000d5580000,0x00000000eb700000)
  from space 92672K, 0% used [0x00000000f4b80000,0x00000000f4b80000,0x00000000fa600000)
  to   space 81920K, 0% used [0x00000000eb700000,0x00000000eb700000,0x00000000f0700000)
 ParOldGen       total 294400K, used 169085K [0x0000000080000000, 0x0000000091f80000, 0x00000000d5580000)
  object space 294400K, 57% used [0x0000000080000000,0x000000008a51f7d8,0x0000000091f80000)
 Metaspace       used 100014K, capacity 103920K, committed 104360K, reserved 1140736K
  class space    used 12871K, capacity 13673K, committed 13744K, reserved 1048576K
}

